trace for working example with literal

[[36m[7m............[34m[7mr(B[m...............................................................................[34m[7mf[34m[7m.......[33m[7md[33m[7m[35m[7mn[35m[7m.[31m[7mi[31m[7m[36m[7mc[36m[7m.............................................(B[m]-(     3978150000) 0x00401869.0 CALL_NEAR_I               [   4501738]
[[36m[7m............[34m[7mr(B[m...............................................................................[34m[7mf[34m[7m.......[33m[7md[33m[7m[35m[7mn[35m[7m.[31m[7mi[31m[7m[36m[7mc[36m[7m.............................................(B[m]-(     3978150000) 0x00401869.1 CALL_NEAR_I               [   4501739]
[(B[m............................................................................................[34m[7mf[34m[7m.......[33m[7md[33m[7m[35m[7mn[35m[7m.[32m[7mp[32m[7m..............................................(B[m]-(     3978150000) 0x00401869.2 CALL_NEAR_I               [   4501740]
[[32m[7m........[31m[7mi[31m[7m[36m[7mc[36m[7m..[34m[7mr[34m[7m...............................................................................................................................[33m[7ms(B[m.........(B[m]-(     3978300000)     ...     
[[36m[7m............[34m[7mr(B[m...............................................................................[34m[7mf[34m[7m.......[33m[7md[33m[7m[35m[7mn[35m[7m.[32m[7mp[32m[7m[31m[7mi[31m[7m[36m[7mc[36m[7m............................................(B[m]-(     3978150000) 0x00401869.3 CALL_NEAR_I               [   4501741]
[[36m[7m............[34m[7mr(B[m...............................................................................[34m[7mf[34m[7m.......[33m[7md[33m[7m[35m[7mn[35m[7m.[32m[7mp[32m[7m[31m[7mi[31m[7m[36m[7mc[36m[7m............................................(B[m]-(     3978150000) 0x00401869.4 CALL_NEAR_I               [   4501742]
[(B[m============================================================================================[34m[7mf(B[m=========================================================(B[m]-(     3978150000) 0x0040186e.0 -----IMUL_R_P_I           [   4501743]
[(B[m============================================================================================[34m[7mf(B[m=========================================================(B[m]-(     3978150000) 0x0040186e.1 -----IMUL_R_P_I           [   4501744]
[(B[m=============================================================================================[34m[7mf(B[m========================================================(B[m]-(     3978150000) 0x0040186e.2 -----IMUL_R_P_I           [   4501745]
[(B[m=============================================================================================[34m[7mf(B[m========================================================(B[m]-(     3978150000) 0x0040186e.3 -----IMUL_R_P_I           [   4501746]
[(B[m=============================================================================================[34m[7mf(B[m========================================================(B[m]-(     3978150000) 0x0040186e.4 -----IMUL_R_P_I           [   4501747]
[(B[m=============================================================================================[34m[7mf(B[m========================================================(B[m]-(     3978150000) 0x0040186e.5 -----IMUL_R_P_I           [   4501748]
[(B[m=============================================================================================[34m[7mf(B[m========================================================(B[m]-(     3978150000) 0x00401875.0 -----MOVSXD_R_R           [   4501749]
[(B[m=============================================================================================[34m[7mf(B[m========================================================(B[m]-(     3978150000) 0x00401878.0 -----ADD_R_P              [   4501750]
[(B[m=============================================================================================[34m[7mf(B[m========================================================(B[m]-(     3978150000) 0x00401878.1 -----ADD_R_P              [   4501751]
[(B[m=============================================================================================[34m[7mf(B[m========================================================(B[m]-(     3978150000) 0x00401878.2 -----ADD_R_P              [   4501752]
[(B[m================================================================================================[34m[7mf(B[m=====================================================(B[m]-(     3978150000) 0x0040187f.0 -----MOV_R_M              [   4501753]
[(B[m================================================================================================[34m[7mf(B[m=====================================================(B[m]-(     3978150000) 0x00401882.0 -----MFENCE               [   4501754]
[(B[m================================================================================================[34m[7mf(B[m=====================================================(B[m]-(     3978150000) 0x00401885.0 -----MOV_R_I              [   4501755]
[(B[m================================================================================================[34m[7mf(B[m=====================================================(B[m]-(     3978150000) 0x0040188a.0 -----RET_NEAR             [   4501756]
[(B[m================================================================================================[34m[7mf(B[m=====================================================(B[m]-(     3978150000) 0x0040188a.1 -----RET_NEAR             [   4501757]
[(B[m================================================================================================[34m[7mf(B[m=====================================================(B[m]-(     3978150000) 0x0040188a.2 -----RET_NEAR             [   4501758]
[(B[m===================================================================================================[34m[7mf(B[m==================================================(B[m]-(     3978150000) 0x0040186e.0 -----IMUL_R_P_I           [   4501759]
[(B[m===================================================================================================[34m[7mf(B[m==================================================(B[m]-(     3978150000) 0x0040186e.1 -----IMUL_R_P_I           [   4501760]
[(B[m===================================================================================================[34m[7mf(B[m==================================================(B[m]-(     3978150000) 0x0040186e.2 -----IMUL_R_P_I           [   4501761]
[(B[m===================================================================================================[34m[7mf(B[m==================================================(B[m]-(     3978150000) 0x0040186e.3 -----IMUL_R_P_I           [   4501762]
[(B[m===================================================================================================[34m[7mf(B[m==================================================(B[m]-(     3978150000) 0x0040186e.4 -----IMUL_R_P_I           [   4501763]
[(B[m===================================================================================================[34m[7mf(B[m==================================================(B[m]-(     3978150000) 0x0040186e.5 -----IMUL_R_P_I           [   4501764]
[(B[m===================================================================================================[34m[7mf(B[m==================================================(B[m]-(     3978150000) 0x00401875.0 -----MOVSXD_R_R           [   4501765]
[(B[m===================================================================================================[34m[7mf(B[m==================================================(B[m]-(     3978150000) 0x00401878.0 -----ADD_R_P              [   4501766]
[(B[m====================================================================================================[34m[7mf(B[m=================================================(B[m]-(     3978150000) 0x00401878.1 -----ADD_R_P              [   4501767]
[(B[m====================================================================================================[34m[7mf(B[m=================================================(B[m]-(     3978150000) 0x00401878.2 -----ADD_R_P              [   4501768]
[[32m[7m........[31m[7mi[31m[7m[36m[7mc[36m[7m..[34m[7mr(B[m...........................................................................................[34m[7mf[34m[7m[33m[7md[33m[7m[35m[7mn[35m[7m.[32m[7mp[32m[7m.........................................(B[m]-(     3978150000) 0x0040185f.0 POP_R                     [   4501769]
[[36m[7m.............[34m[7mr(B[m..........................................................................................[34m[7mf[34m[7m[33m[7md[33m[7m[35m[7mn[35m[7m.[31m[7mi[31m[7m[36m[7mc[36m[7m........................................(B[m]-(     3978150000) 0x0040185f.1 POP_R                     [   4501770]
[[32m[7m..........[31m[7mi[31m[7m[36m[7mc[36m[7m.[34m[7mr(B[m..........................................................................................[34m[7mf[34m[7m[33m[7md[33m[7m[35m[7mn[35m[7m.[32m[7mp[32m[7m.........................................(B[m]-(     3978150000) 0x0040185f.2 POP_R                     [   4501771]
[(B[m........................................................................................................[34m[7mf[34m[7m[33m[7md[33m[7m[35m[7mn[35m[7m.[32m[7mp[32m[7m.........................................(B[m]-(     3978150000) 0x00401860.0 CLFLUSH_M                 [   4501772]
[[32m[7m.........[31m[7mi[31m[7m[36m[7mc[36m[7m..[34m[7mr[34m[7m........................................................................................................................................(B[m]-(     3978300000)     ...     
[[34m[7m.................................................[33m[7ms(B[m....................................................................................................(B[m]-(     3978450000)     ...     
[(B[m........................................................................................................[34m[7mf[34m[7m[33m[7md[33m[7m[35m[7mn[35m[7m.[32m[7mp[32m[7m.........................................(B[m]-(     3978150000) 0x00401860.1 CLFLUSH_M.mfence          [   4501773]
[[32m[7m......................................................................................................................................................(B[m]-(     3978300000)     ...     
[[32m[7m...................................................[31m[7mi[31m[7m[36m[7mc[36m[7m.[34m[7mr(B[m...............................................................................................(B[m]-(     3978450000)     ...     
[(B[m........................................................................................................[34m[7mf[34m[7m[33m[7md[33m[7m[35m[7mn[35m[7m.[32m[7mp[32m[7m.........................................(B[m]-(     3978150000) 0x00401864.0 XOR_R_R                   [   4501774]
[[32m[7m...........[31m[7mi[31m[7m[36m[7mc[36m[7m.........................................................................................................................................(B[m]-(     3978300000)     ...     
[[36m[7m......................................................[34m[7mr(B[m...............................................................................................(B[m]-(     3978450000)     ...     
[(B[m........................................................................................................[34m[7mf[34m[7m[33m[7md[33m[7m[35m[7mn[35m[7m.[32m[7mp[32m[7m.........................................(B[m]-(     3978150000) 0x00401866.0 RET_NEAR                  [   4501775]
[[32m[7m......................................................................................................................................................(B[m]-(     3978300000)     ...     
[[32m[7m....................................................[31m[7mi[31m[7m[36m[7mc[36m[7m........................................................................[34m[7mr(B[m.......................(B[m]-(     3978450000)     ...     
[(B[m........................................................................................................[34m[7mf[34m[7m[33m[7md[33m[7m[35m[7mn[35m[7m.[32m[7mp[32m[7m[31m[7mi[31m[7m[36m[7mc[36m[7m.......................................(B[m]-(     3978150000) 0x00401866.1 RET_NEAR                  [   4501776]
[[36m[7m......................................................................................................................................................(B[m]-(     3978300000)     ...     
[[36m[7m..............................................................................................................................[34m[7mr(B[m.......................(B[m]-(     3978450000)     ...     
[(B[m.........................................................................................................[34m[7mf[34m[7m[33m[7md[33m[7m[35m[7mn[35m[7m.[32m[7mp[32m[7m........................................(B[m]-(     3978150000) 0x00401866.2 RET_NEAR                  [   4501777]
[[32m[7m......................................................................................................................................................(B[m]-(     3978300000)     ...     
[[32m[7m.......................................................................................................................[31m[7mi[31m[7m[36m[7mc[36m[7m.....[34m[7mr(B[m.......................(B[m]-(     3978450000)     ...     
[(B[m==========================================================================================================[34m[7mf[34m[7m[33m[7md[33m[7m[35m[7mn[35m[7m=[31m[7mi[31m[7m[36m[7mc(B[m======================================(B[m]-(     3978150000) 0x0040186e.0 -----IMUL_R_P_I           [   4501778]
[(B[m==========================================================================================================[34m[7mf[34m[7m[33m[7md[33m[7m[35m[7mn[35m[7m=[31m[7mi[31m[7m[36m[7mc(B[m======================================(B[m]-(     3978150000) 0x0040186e.1 -----IMUL_R_P_I           [   4501779]
[(B[m==========================================================================================================[34m[7mf[34m[7m[33m[7md[33m[7m[35m[7mn[35m[7m=[32m[7mp[32m[7m=======================================(B[m]-(     3978150000) 0x0040186e.2 -----IMUL_R_P_I           [   4501780]
[[32m[7m======================================================================================================================================================(B[m]-(     3978300000)     ...     
[[32m[7m====================================================[31m[7mi[31m[7m[36m[7mc(B[m================================================================================================(B[m]-(     3978450000)     ...     
[(B[m==========================================================================================================[34m[7mf[34m[7m[33m[7md[33m[7m[35m[7mn[35m[7m=[32m[7mp[32m[7m=======================================(B[m]-(     3978150000) 0x0040186e.3 -----IMUL_R_P_I           [   4501781]
[[32m[7m======================================================================================================================================================(B[m]-(     3978300000)     ...     
[[32m[7m=======================================================[31m[7mi[31m[7m==[36m[7mc(B[m===========================================================================================(B[m]-(     3978450000)     ...     
[(B[m==========================================================================================================[34m[7mf[34m[7m[33m[7md[33m[7m[35m[7mn[35m[7m=[32m[7mp[32m[7m=======================================(B[m]-(     3978150000) 0x0040186e.4 -----IMUL_R_P_I           [   4501782]
[[32m[7m======================================================================================================================================================(B[m]-(     3978300000)     ...     
[[32m[7m==========================================================[31m[7mi[31m[7m[36m[7mc(B[m==========================================================================================(B[m]-(     3978450000)     ...     
[(B[m==========================================================================================================[34m[7mf[34m[7m[33m[7md[33m[7m[35m[7mn[35m[7m=[32m[7mp[32m[7m=======================================(B[m]-(     3978150000) 0x0040186e.5 -----IMUL_R_P_I           [   4501783]
[[32m[7m======================================================================================================================================================(B[m]-(     3978300000)     ...     
[[32m[7m==========================================================[31m[7mi[31m[7m[36m[7mc(B[m==========================================================================================(B[m]-(     3978450000)     ...     
[(B[m==========================================================================================================[34m[7mf[34m[7m[33m[7md[33m[7m[35m[7mn[35m[7m=[32m[7mp[32m[7m=======================================(B[m]-(     3978150000) 0x00401875.0 -----MOVSXD_R_R           [   4501784]
[[32m[7m======================================================================================================================================================(B[m]-(     3978300000)     ...     
[[32m[7m===========================================================[31m[7mi[31m[7m[36m[7mc(B[m=========================================================================================(B[m]-(     3978450000)     ...     
[(B[m==========================================================================================================[34m[7mf[34m[7m[33m[7md[33m[7m[35m[7mn[35m[7m=[31m[7mi[31m[7m[36m[7mc(B[m======================================(B[m]-(     3978150000) 0x00401878.0 -----ADD_R_P              [   4501785]
[(B[m===========================================================================================================[34m[7mf[34m[7m[33m[7md[33m[7m[35m[7mn[35m[7m=[32m[7mp[32m[7m======================================(B[m]-(     3978150000) 0x00401878.1 -----ADD_R_P              [   4501786]
[[32m[7m======================================================================================================================================================(B[m]-(     3978300000)     ...     
[[32m[7m====================================================[31m[7mi[31m[7m[36m[7mc(B[m================================================================================================(B[m]-(     3978450000)     ...     
[(B[m===========================================================================================================[34m[7mf[34m[7m[33m[7md[33m[7m[35m[7mn[35m[7m=[32m[7mp[32m[7m======================================(B[m]-(     3978150000) 0x00401878.2 -----ADD_R_P              [   4501787]
[[32m[7m======================================================================================================================================================(B[m]-(     3978300000)     ...     
[[32m[7m============================================================[31m[7mi[31m[7m[36m[7mc(B[m========================================================================================(B[m]-(     3978450000)     ...     
[(B[m=============================================================================================================[34m[7mf[34m[7m[33m[7md[33m[7m[35m[7mn[35m[7m=[32m[7mp[32m[7m====================================(B[m]-(     3978150000) 0x0040187f.0 -----MOV_R_M              [   4501788]
[[32m[7m======================================================================================================================================================(B[m]-(     3978300000)     ...     
[[32m[7m=============================================================[31m[7mi[31m[7m[36m[7mc(B[m=======================================================================================(B[m]-(     3978450000)     ...     
[(B[m=============================================================================================================[34m[7mf[34m[7m[33m[7md[33m[7m[35m[7mn[35m[7m=[32m[7mp(B[m====================================(B[m]-(     3978150000) 0x00401882.0 -----MFENCE               [   4501789]
[(B[m=============================================================================================================[34m[7mf[34m[7m[33m[7md[33m[7m[35m[7mn[35m[7m=[31m[7mi[31m[7m[36m[7mc(B[m===================================(B[m]-(     3978150000) 0x00401885.0 -----MOV_R_I              [   4501790]
[(B[m=============================================================================================================[34m[7mf[34m[7m[33m[7md[33m[7m[35m[7mn[35m[7m=[32m[7mp(B[m====================================(B[m]-(     3978150000) 0x0040188a.0 -----RET_NEAR             [   4501791]
[(B[m=============================================================================================================[34m[7mf[34m[7m[33m[7md[33m[7m[35m[7mn[35m[7m=[31m[7mi[31m[7m[36m[7mc(B[m===================================(B[m]-(     3978150000) 0x0040188a.1 -----RET_NEAR             [   4501792]
[(B[m=============================================================================================================[34m[7mf[34m[7m[33m[7md[33m[7m[35m[7mn[35m[7m=[32m[7mp(B[m====================================(B[m]-(     3978150000) 0x0040188a.2 -----RET_NEAR             [   4501793]
[(B[m==============================================================================================================[34m[7mf[34m[7m[33m[7md[33m[7m[35m[7mn[35m[7m=[31m[7mi[31m[7m[36m[7mc(B[m==================================(B[m]-(     3978150000) 0x00401892.0 -----MOV_R_I              [   4501794]
[(B[m==============================================================================================================[34m[7mf[34m[7m[33m[7md[33m[7m[35m[7mn[35m[7m=[32m[7mp(B[m===================================(B[m]-(     3978150000) 0x00401897.0 -----MFENCE               [   4501795]
[(B[m==============================================================================================================[34m[7mf[34m[7m[33m[7md[33m[7m[35m[7mn[35m[7m=[32m[7mp(B[m===================================(B[m]-(     3978150000) 0x0040189a.0 -----RET_NEAR             [   4501796]
[(B[m==============================================================================================================[34m[7mf[34m[7m[33m[7md[33m[7m[35m[7mn[35m[7m=[31m[7mi[31m[7m[36m[7mc(B[m==================================(B[m]-(     3978150000) 0x0040189a.1 -----RET_NEAR             [   4501797]
[(B[m==============================================================================================================[34m[7mf[34m[7m[33m[7md[33m[7m[35m[7mn[35m[7m=[32m[7mp(B[m===================================(B[m]-(     3978150000) 0x0040189a.2 -----RET_NEAR             [   4501798]
[(B[m================================================================================================================[34m[7mf[34m[7m[33m[7md[33m[7m[35m[7mn[35m[7m=[32m[7mp(B[m=================================(B[m]-(     3978150000) 0x004016a4.0 -----MFENCE               [   4501799]
[(B[m================================================================================================================[34m[7mf[34m[7m[33m[7md[33m[7m[35m[7mn[35m[7m=[31m[7mi[31m[7m[36m[7mc(B[m================================(B[m]-(     3978150000) 0x004016a7.0 -----MOV_R_P              [   4501800]
[(B[m================================================================================================================[34m[7mf[34m[7m[33m[7md[33m[7m[35m[7mn[35m[7m=[32m[7mp(B[m=================================(B[m]-(     3978150000) 0x004016a7.1 -----MOV_R_P              [   4501801]
[(B[m================================================================================================================[34m[7mf[34m[7m[33m[7md[33m[7m[35m[7mn[35m[7m=[32m[7mp(B[m=================================(B[m]-(     3978150000) 0x004016ad.0 -----MOVZX_B_R_R          [   4501802]
[(B[m================================================================================================================[34m[7mf[34m[7m[33m[7md[33m[7m[35m[7mn[35m[7m=[32m[7mp(B[m=================================(B[m]-(     3978150000) 0x004016ad.1 -----MOVZX_B_R_R          [   4501803]
[(B[m================================================================================================================[34m[7mf[34m[7m[33m[7md[33m[7m[35m[7mn[35m[7m=[32m[7mp(B[m=================================(B[m]-(     3978150000) 0x004016b1.0 -----IMUL_R_R             [   4501804]
[(B[m================================================================================================================[34m[7mf[34m[7m[33m[7md[33m[7m[35m[7mn[35m[7m=[32m[7mp(B[m=================================(B[m]-(     3978150000) 0x004016b1.1 -----IMUL_R_R             [   4501805]
[(B[m================================================================================================================[34m[7mf[34m[7m[33m[7md[33m[7m[35m[7mn[35m[7m=[32m[7mp(B[m=================================(B[m]-(     3978150000) 0x004016b1.2 -----IMUL_R_R             [   4501806]
[(B[m=================================================================================================================[34m[7mf[34m[7m[33m[7md[33m[7m[35m[7mn[35m[7m=[32m[7mp(B[m================================(B[m]-(     3978150000) 0x004016b5.0 -----MOVSXD_R_R           [   4501807]
[(B[m=================================================================================================================[34m[7mf[34m[7m[33m[7md[33m[7m[35m[7mn[35m[7m=[31m[7mi[31m[7m[36m[7mc(B[m===============================(B[m]-(     3978150000) 0x004016b8.0 -----ADD_R_P              [   4501808]
[(B[m=================================================================================================================[34m[7mf[34m[7m[33m[7md[33m[7m[35m[7mn[35m[7m=[32m[7mp(B[m================================(B[m]-(     3978150000) 0x004016b8.1 -----ADD_R_P              [   4501809]
